<?xml version="1.0" encoding="UTF-8"?>
<testng-results skipped="0" failed="0" total="1" passed="1">
  <reporter-output>
  </reporter-output>
  <suite name="Default suite" duration-ms="11274" started-at="2014-12-15T09:27:12Z" finished-at="2014-12-15T09:27:23Z">
    <groups>
    </groups>
    <test name="Default test" duration-ms="11274" started-at="2014-12-15T09:27:12Z" finished-at="2014-12-15T09:27:23Z">
      <class name="testCases.ExecuteTest">
        <test-method status="PASS" signature="testLogin()[pri:0, instance:testCases.ExecuteTest@35eb4667]" name="testLogin" duration-ms="11256" started-at="2014-12-15T14:57:12Z" finished-at="2014-12-15T14:57:23Z">
          <reporter-output>
          </reporter-output>
        </test-method> <!-- testLogin -->
      </class> <!-- testCases.ExecuteTest -->
    </test> <!-- Default test -->
  </suite> <!-- Default suite -->
</testng-results>
